[debug] [2022-04-10T19:33:57.598Z] ----------------------------------------------------------------------
[debug] [2022-04-10T19:33:57.609Z] Command:       C:\Program Files\nodejs\node.exe C:\Users\98938\AppData\Roaming\npm\node_modules\firebase-tools\lib\bin\firebase.js init
[debug] [2022-04-10T19:33:57.612Z] CLI Version:   10.6.0
[debug] [2022-04-10T19:33:57.613Z] Platform:      win32
[debug] [2022-04-10T19:33:57.614Z] Node Version:  v16.13.1
[debug] [2022-04-10T19:33:57.618Z] Time:          Mon Apr 11 2022 00:03:57 GMT+0430 (Iran Daylight Time)
[debug] [2022-04-10T19:33:57.620Z] ----------------------------------------------------------------------
[debug] 
[debug] [2022-04-10T19:33:57.637Z] >>> [apiv2][query] GET https://firebase-public.firebaseio.com/cli.json [none]
[debug] [2022-04-10T19:33:57.761Z] > command requires scopes: ["email","openid","https://www.googleapis.com/auth/cloudplatformprojects.readonly","https://www.googleapis.com/auth/firebase","https://www.googleapis.com/auth/cloud-platform"]
[debug] [2022-04-10T19:33:57.762Z] > authorizing via signed-in user (abbas.ahmadi140@gmail.com)
[info] 
     ######## #### ########  ######## ########     ###     ######  ########
     ##        ##  ##     ## ##       ##     ##  ##   ##  ##       ##
     ######    ##  ########  ######   ########  #########  ######  ######
     ##        ##  ##    ##  ##       ##     ## ##     ##       ## ##
     ##       #### ##     ## ######## ########  ##     ##  ######  ########

You're about to initialize a Firebase project in this directory:

  C:\Users\98938\Downloads\fav-music

[info] 
=== Project Setup
[info] 
[info] First, let's associate this project directory with a Firebase project.
[info] You can create multiple project aliases by running firebase use --add, 
[info] but for now we'll just set up a default project.
[info] 
[debug] [2022-04-10T19:34:15.532Z] >>> [apiv2][query] GET https://firebase.googleapis.com/v1beta1/projects pageSize=100
[debug] [2022-04-10T19:34:16.065Z] <<< [apiv2][status] GET https://firebase.googleapis.com/v1beta1/projects 403
[debug] [2022-04-10T19:34:16.066Z] <<< [apiv2][body] GET https://firebase.googleapis.com/v1beta1/projects [omitted]
[debug] [2022-04-10T19:34:16.067Z] Unable to parse JSON: SyntaxError: Unexpected token < in JSON at position 0
[debug] [2022-04-10T19:34:16.073Z] FirebaseError: Unable to parse JSON: SyntaxError: Unexpected token < in JSON at position 0
    at RetryOperation._fn (C:\Users\98938\AppData\Roaming\npm\node_modules\firebase-tools\lib\apiv2.js:258:39)
    at processTicksAndRejections (node:internal/process/task_queues:96:5)
[error] 
[error] Error: Failed to list Firebase projects. See firebase-debug.log for more info.
